Z:\FIG2.10-11 2016\DEBUG\FIG2-10.OBJ
Z:\FIG2.10-11 2016\DEBUG\VC110.PDB
Z:\FIG2.10-11 2016\DEBUG\FIG2-10.ILK
Z:\FIG2.10-11 2016\DEBUG\FIG2-10.EXE
Z:\FIG2.10-11 2016\DEBUG\FIG2-10.PDB
Z:\fig2.10-11 2016\Debug\fig2-10.obj
Z:\fig2.10-11 2016\Debug\fig2-10.ilk
Z:\fig2.10-11 2016\Debug\cl.command.1.tlog
Z:\fig2.10-11 2016\Debug\CL.read.1.tlog
Z:\fig2.10-11 2016\Debug\CL.write.1.tlog
Z:\fig2.10-11 2016\Debug\link-cvtres.read.1.tlog
Z:\fig2.10-11 2016\Debug\link-cvtres.write.1.tlog
Z:\fig2.10-11 2016\Debug\link-rc.read.1.tlog
Z:\fig2.10-11 2016\Debug\link-rc.write.1.tlog
Z:\fig2.10-11 2016\Debug\link.command.1.tlog
Z:\fig2.10-11 2016\Debug\link.read.1.tlog
Z:\fig2.10-11 2016\Debug\link.write.1.tlog
Z:\fig2.10-11 2016\Debug\vc110.idb
Z:\fig2.10-11 2016\Debug\fig2-10.pdb
Z:\fig2.10-11 2016\Debug\vc110.pdb
Z:\fig2.10-11 2016\.\Debug\fig2-10.exe
